[01m[K/home/vova/ws_rtk/src/rtk_test/src/sub.cpp:22:41:[m[K [01;31m[Kerror: [m[Kâ€˜[01m[KInt32MultiArray[m[Kâ€™ is not a member of â€˜[01m[Kstd_msgs::msg[m[Kâ€™
   22 |     rclcpp::Subscription<std_msgs::msg::[01;31m[KInt32MultiArray[m[K>::SharedPtr array_sub_;
      |                                         [01;31m[K^~~~~~~~~~~~~~~[m[K
[01m[K/home/vova/ws_rtk/src/rtk_test/src/sub.cpp:22:56:[m[K [01;31m[Kerror: [m[Ktemplate argument 1 is invalid
   22 |     rclcpp::Subscription<std_msgs::msg::Int32MultiArray[01;31m[K>[m[K::SharedPtr array_sub_;
      |                                                        [01;31m[K^[m[K
[01m[K/home/vova/ws_rtk/src/rtk_test/src/sub.cpp:22:56:[m[K [01;31m[Kerror: [m[Ktemplate argument 3 is invalid
[01m[K/home/vova/ws_rtk/src/rtk_test/src/sub.cpp:22:56:[m[K [01;31m[Kerror: [m[Ktemplate argument 4 is invalid
[01m[K/home/vova/ws_rtk/src/rtk_test/src/sub.cpp:22:56:[m[K [01;31m[Kerror: [m[Ktemplate argument 5 is invalid
[01m[K/home/vova/ws_rtk/src/rtk_test/src/sub.cpp:22:59:[m[K [01;31m[Kerror: [m[Kexpected â€˜[01m[K;[m[Kâ€™ at end of member declaration
   22 |     rclcpp::Subscription<std_msgs::msg::Int32MultiArray>::[01;31m[KSharedPtr[m[K array_sub_;
      |                                                           [01;31m[K^~~~~~~~~[m[K
      |                                                                    [32m[K;[m[K
[01m[K/home/vova/ws_rtk/src/rtk_test/src/sub.cpp:22:69:[m[K [01;31m[Kerror: [m[Kâ€˜[01m[Karray_sub_[m[Kâ€™ does not name a type
   22 |     rclcpp::Subscription<std_msgs::msg::Int32MultiArray>::SharedPtr [01;31m[Karray_sub_[m[K;
      |                                                                     [01;31m[K^~~~~~~~~~[m[K
gmake[2]: *** [CMakeFiles/listener.dir/build.make:76: CMakeFiles/listener.dir/src/sub.cpp.o] Error 1
gmake[1]: *** [CMakeFiles/Makefile2:165: CMakeFiles/listener.dir/all] Error 2
gmake: *** [Makefile:146: all] Error 2
