[0.008s] Invoking command in '/home/vova/ws_rtk/build/rtk_test': CMAKE_PREFIX_PATH=${CMAKE_PREFIX_PATH}:/home/vova/turtlebot3_ws/install/turtlebot3_teleop:/home/vova/turtlebot3_ws/install/turtlebot3_example:/opt/ros/humble /usr/bin/cmake --build /home/vova/ws_rtk/build/rtk_test -- -j20 -l20
[0.047s] [35m[1mConsolidate compiler generated dependencies of target talker[0m
[0.056s] [ 25%] [32mBuilding CXX object CMakeFiles/listener.dir/src/sub.cpp.o[0m
[0.062s] [ 75%] Built target talker
[1.173s] [01m[K/home/vova/ws_rtk/src/rtk_test/src/sub.cpp:20:39:[m[K [01;31m[Kerror: [m[Kâ€˜[01m[KInt32[m[Kâ€™ is not a member of â€˜[01m[Kstd_msgs::msg[m[Kâ€™
[1.173s]    20 |   rclcpp::Subscription<std_msgs::msg::[01;31m[KInt32[m[K>::SharedPtr number_sub_;
[1.173s]       |                                       [01;31m[K^~~~~[m[K
[1.173s] [01m[K/home/vova/ws_rtk/src/rtk_test/src/sub.cpp:20:44:[m[K [01;31m[Kerror: [m[Ktemplate argument 1 is invalid
[1.173s]    20 |   rclcpp::Subscription<std_msgs::msg::Int32[01;31m[K>[m[K::SharedPtr number_sub_;
[1.173s]       |                                            [01;31m[K^[m[K
[1.174s] [01m[K/home/vova/ws_rtk/src/rtk_test/src/sub.cpp:20:44:[m[K [01;31m[Kerror: [m[Ktemplate argument 3 is invalid
[1.174s] [01m[K/home/vova/ws_rtk/src/rtk_test/src/sub.cpp:20:44:[m[K [01;31m[Kerror: [m[Ktemplate argument 4 is invalid
[1.174s] [01m[K/home/vova/ws_rtk/src/rtk_test/src/sub.cpp:20:44:[m[K [01;31m[Kerror: [m[Ktemplate argument 5 is invalid
[1.179s] [01m[K/home/vova/ws_rtk/src/rtk_test/src/sub.cpp:20:47:[m[K [01;31m[Kerror: [m[Kexpected â€˜[01m[K;[m[Kâ€™ at end of member declaration
[1.179s]    20 |   rclcpp::Subscription<std_msgs::msg::Int32>::[01;31m[KSharedPtr[m[K number_sub_;
[1.179s]       |                                               [01;31m[K^~~~~~~~~[m[K
[1.179s]       |                                                        [32m[K;[m[K
[1.180s] [01m[K/home/vova/ws_rtk/src/rtk_test/src/sub.cpp:20:57:[m[K [01;31m[Kerror: [m[Kâ€˜[01m[Knumber_sub_[m[Kâ€™ does not name a type
[1.180s]    20 |   rclcpp::Subscription<std_msgs::msg::Int32>::SharedPtr [01;31m[Knumber_sub_[m[K;
[1.180s]       |                                                         [01;31m[K^~~~~~~~~~~[m[K
[1.180s] [01m[K/home/vova/ws_rtk/src/rtk_test/src/sub.cpp:21:41:[m[K [01;31m[Kerror: [m[Kâ€˜[01m[KInt32MultiArray[m[Kâ€™ is not a member of â€˜[01m[Kstd_msgs::msg[m[Kâ€™
[1.180s]    21 |     rclcpp::Subscription<std_msgs::msg::[01;31m[KInt32MultiArray[m[K>::SharedPtr array_sub_;
[1.180s]       |                                         [01;31m[K^~~~~~~~~~~~~~~[m[K
[1.180s] [01m[K/home/vova/ws_rtk/src/rtk_test/src/sub.cpp:21:56:[m[K [01;31m[Kerror: [m[Ktemplate argument 1 is invalid
[1.180s]    21 |     rclcpp::Subscription<std_msgs::msg::Int32MultiArray[01;31m[K>[m[K::SharedPtr array_sub_;
[1.180s]       |                                                        [01;31m[K^[m[K
[1.180s] [01m[K/home/vova/ws_rtk/src/rtk_test/src/sub.cpp:21:56:[m[K [01;31m[Kerror: [m[Ktemplate argument 3 is invalid
[1.181s] [01m[K/home/vova/ws_rtk/src/rtk_test/src/sub.cpp:21:56:[m[K [01;31m[Kerror: [m[Ktemplate argument 4 is invalid
[1.181s] [01m[K/home/vova/ws_rtk/src/rtk_test/src/sub.cpp:21:56:[m[K [01;31m[Kerror: [m[Ktemplate argument 5 is invalid
[1.181s] [01m[K/home/vova/ws_rtk/src/rtk_test/src/sub.cpp:21:59:[m[K [01;31m[Kerror: [m[Kexpected â€˜[01m[K;[m[Kâ€™ at end of member declaration
[1.181s]    21 |     rclcpp::Subscription<std_msgs::msg::Int32MultiArray>::[01;31m[KSharedPtr[m[K array_sub_;
[1.181s]       |                                                           [01;31m[K^~~~~~~~~[m[K
[1.181s]       |                                                                    [32m[K;[m[K
[1.181s] [01m[K/home/vova/ws_rtk/src/rtk_test/src/sub.cpp:21:59:[m[K [01;31m[Kerror: [m[Kredeclaration of â€˜[01m[Kint MinimalSubscriber::SharedPtr[m[Kâ€™
[1.181s] [01m[K/home/vova/ws_rtk/src/rtk_test/src/sub.cpp:20:47:[m[K [01;36m[Knote: [m[Kprevious declaration â€˜[01m[Kint MinimalSubscriber::SharedPtr[m[Kâ€™
[1.181s]    20 |   rclcpp::Subscription<std_msgs::msg::Int32>::[01;36m[KSharedPtr[m[K number_sub_;
[1.181s]       |                                               [01;36m[K^~~~~~~~~[m[K
[1.181s] [01m[K/home/vova/ws_rtk/src/rtk_test/src/sub.cpp:21:69:[m[K [01;31m[Kerror: [m[Kâ€˜[01m[Karray_sub_[m[Kâ€™ does not name a type
[1.181s]    21 |     rclcpp::Subscription<std_msgs::msg::Int32MultiArray>::SharedPtr [01;31m[Karray_sub_[m[K;
[1.181s]       |                                                                     [01;31m[K^~~~~~~~~~[m[K
[1.185s] [01m[K/home/vova/ws_rtk/src/rtk_test/src/sub.cpp:[m[K In constructor â€˜[01m[KMinimalSubscriber::MinimalSubscriber()[m[Kâ€™:
[1.185s] [01m[K/home/vova/ws_rtk/src/rtk_test/src/sub.cpp:11:5:[m[K [01;31m[Kerror: [m[Kâ€˜[01m[Knumber_sub_[m[Kâ€™ was not declared in this scope
[1.186s]    11 |     [01;31m[Knumber_sub_[m[K = this->create_subscription<std_msgs::msg::Int32>(
[1.186s]       |     [01;31m[K^~~~~~~~~~~[m[K
[1.186s] [01m[K/home/vova/ws_rtk/src/rtk_test/src/sub.cpp:11:60:[m[K [01;31m[Kerror: [m[Kâ€˜[01m[KInt32[m[Kâ€™ is not a member of â€˜[01m[Kstd_msgs::msg[m[Kâ€™
[1.186s]    11 |     number_sub_ = this->create_subscription<std_msgs::msg::[01;31m[KInt32[m[K>(
[1.186s]       |                                                            [01;31m[K^~~~~[m[K
[1.186s] [01m[K/home/vova/ws_rtk/src/rtk_test/src/sub.cpp:13:41:[m[K [01;31m[Kerror: [m[Kâ€˜[01m[KInt32[m[Kâ€™ in namespace â€˜[01m[Kstd_msgs::msg[m[Kâ€™ does not name a type
[1.186s]    13 |             [this](const std_msgs::msg::[01;31m[KInt32[m[K::SharedPtr msg) {
[1.186s]       |                                         [01;31m[K^~~~~[m[K
[1.186s] [01m[K/home/vova/ws_rtk/src/rtk_test/src/sub.cpp:[m[K In lambda function:
[1.186s] [01m[K/home/vova/ws_rtk/src/rtk_test/src/sub.cpp:16:15:[m[K [01;31m[Kerror: [m[Kexpected â€˜[01m[K{[m[Kâ€™ before â€˜[01m[K;[m[Kâ€™ token
[1.186s]    16 |             })[01;31m[K;[m[K
[1.186s]       |               [01;31m[K^[m[K
[1.186s] [01m[K/home/vova/ws_rtk/src/rtk_test/src/sub.cpp:[m[K In constructor â€˜[01m[KMinimalSubscriber::MinimalSubscriber()[m[Kâ€™:
[1.186s] [01m[K/home/vova/ws_rtk/src/rtk_test/src/sub.cpp:16:15:[m[K [01;31m[Kerror: [m[Kexpected â€˜[01m[K)[m[Kâ€™ before â€˜[01m[K;[m[Kâ€™ token
[1.186s] [01m[K/home/vova/ws_rtk/src/rtk_test/src/sub.cpp:11:66:[m[K [01;36m[Knote: [m[Kto match this â€˜[01m[K([m[Kâ€™
[1.186s]    11 |     number_sub_ = this->create_subscription<std_msgs::msg::Int32>[01;36m[K([m[K
[1.186s]       |                                                                  [01;36m[K^[m[K
[1.402s] gmake[2]: *** [CMakeFiles/listener.dir/build.make:76: CMakeFiles/listener.dir/src/sub.cpp.o] Error 1
[1.402s] gmake[1]: *** [CMakeFiles/Makefile2:165: CMakeFiles/listener.dir/all] Error 2
[1.402s] gmake: *** [Makefile:146: all] Error 2
[1.404s] Invoked command in '/home/vova/ws_rtk/build/rtk_test' returned '2': CMAKE_PREFIX_PATH=${CMAKE_PREFIX_PATH}:/home/vova/turtlebot3_ws/install/turtlebot3_teleop:/home/vova/turtlebot3_ws/install/turtlebot3_example:/opt/ros/humble /usr/bin/cmake --build /home/vova/ws_rtk/build/rtk_test -- -j20 -l20
