[01m[K/home/vova/ws_rtk/src/rtk_test/src/pub.cpp:[m[K In constructor â€˜[01m[KMinimalPublisher::MinimalPublisher()[m[Kâ€™:
[01m[K/home/vova/ws_rtk/src/rtk_test/src/pub.cpp:21:9:[m[K [01;31m[Kerror: [m[Kâ€˜[01m[Kpub_int_[m[Kâ€™ was not declared in this scope; did you mean â€˜[01m[Kpubint_[m[Kâ€™?
   21 |         [01;31m[Kpub_int_[m[K = this->create_publisher<std_msgs::msg::Int32>("number_topic", 10);
      |         [01;31m[K^~~~~~~~[m[K
      |         [32m[Kpubint_[m[K
gmake[2]: *** [CMakeFiles/talker.dir/build.make:76: CMakeFiles/talker.dir/src/pub.cpp.o] Error 1
gmake[1]: *** [CMakeFiles/Makefile2:139: CMakeFiles/talker.dir/all] Error 2
gmake: *** [Makefile:146: all] Error 2
