[0.008s] Invoking command in '/home/vova/ws_rtk/build/rtk_test': CMAKE_PREFIX_PATH=${CMAKE_PREFIX_PATH}:/home/vova/turtlebot3_ws/install/turtlebot3_teleop:/home/vova/turtlebot3_ws/install/turtlebot3_example:/opt/ros/humble /usr/bin/cmake --build /home/vova/ws_rtk/build/rtk_test -- -j20 -l20
[0.042s] [35m[1mConsolidate compiler generated dependencies of target talker[0m
[0.056s] [ 50%] Built target listener
[0.057s] [ 75%] [32mBuilding CXX object CMakeFiles/talker.dir/src/pub.cpp.o[0m
[1.359s] [01m[K/home/vova/ws_rtk/src/rtk_test/src/pub.cpp:[m[K In constructor â€˜[01m[KMinimalPublisher::MinimalPublisher()[m[Kâ€™:
[1.359s] [01m[K/home/vova/ws_rtk/src/rtk_test/src/pub.cpp:21:9:[m[K [01;31m[Kerror: [m[Kâ€˜[01m[Kpub_int_[m[Kâ€™ was not declared in this scope; did you mean â€˜[01m[Kpubint_[m[Kâ€™?
[1.359s]    21 |         [01;31m[Kpub_int_[m[K = this->create_publisher<std_msgs::msg::Int32>("number_topic", 10);
[1.359s]       |         [01;31m[K^~~~~~~~[m[K
[1.359s]       |         [32m[Kpubint_[m[K
[1.863s] gmake[2]: *** [CMakeFiles/talker.dir/build.make:76: CMakeFiles/talker.dir/src/pub.cpp.o] Error 1
[1.863s] gmake[1]: *** [CMakeFiles/Makefile2:139: CMakeFiles/talker.dir/all] Error 2
[1.863s] gmake: *** [Makefile:146: all] Error 2
[1.866s] Invoked command in '/home/vova/ws_rtk/build/rtk_test' returned '2': CMAKE_PREFIX_PATH=${CMAKE_PREFIX_PATH}:/home/vova/turtlebot3_ws/install/turtlebot3_teleop:/home/vova/turtlebot3_ws/install/turtlebot3_example:/opt/ros/humble /usr/bin/cmake --build /home/vova/ws_rtk/build/rtk_test -- -j20 -l20
